2019-11-07T01:49:32.276367Z 0 [Warning] TIMESTAMP with implicit DEFAULT value is deprecated. Please use --explicit_defaults_for_timestamp server option (see documentation for more details).
2019-11-07T01:49:32.299434Z 0 [Note] /usr/sbin/mysqld (mysqld 5.7.28) starting as process 266 ...
2019-11-07T01:49:32.355326Z 0 [Note] InnoDB: PUNCH HOLE support available
2019-11-07T01:49:32.355380Z 0 [Note] InnoDB: Mutexes and rw_locks use GCC atomic builtins
2019-11-07T01:49:32.355386Z 0 [Note] InnoDB: Uses event mutexes
2019-11-07T01:49:32.355391Z 0 [Note] InnoDB: GCC builtin __atomic_thread_fence() is used for memory barrier
2019-11-07T01:49:32.355396Z 0 [Note] InnoDB: Compressed tables use zlib 1.2.11
2019-11-07T01:49:32.355400Z 0 [Note] InnoDB: Using Linux native AIO
2019-11-07T01:49:32.359362Z 0 [Note] InnoDB: Number of pools: 1
2019-11-07T01:49:32.363427Z 0 [Note] InnoDB: Using CPU crc32 instructions
2019-11-07T01:49:32.367977Z 0 [Note] InnoDB: Initializing buffer pool, total size = 128M, instances = 1, chunk size = 128M
2019-11-07T01:49:32.368929Z 0 [ERROR] InnoDB: mmap(137428992 bytes) failed; errno 12
2019-11-07T01:49:32.368958Z 0 [ERROR] InnoDB: Cannot allocate memory for the buffer pool
2019-11-07T01:49:32.368964Z 0 [ERROR] InnoDB: Plugin initialization aborted with error Generic error
2019-11-07T01:49:32.368973Z 0 [ERROR] Plugin 'InnoDB' init function returned error.
2019-11-07T01:49:32.368979Z 0 [ERROR] Plugin 'InnoDB' registration as a STORAGE ENGINE failed.
2019-11-07T01:49:32.368985Z 0 [ERROR] Failed to initialize builtin plugins.
2019-11-07T01:49:32.368989Z 0 [ERROR] Aborting

2019-11-07T01:49:32.369761Z 0 [Note] Binlog end
2019-11-07T01:49:32.370651Z 0 [Note] Shutting down plugin 'CSV'
2019-11-07T01:49:32.373854Z 0 [Note] /usr/sbin/mysqld: Shutdown complete

2019-11-07T01:50:33.787617Z 0 [Warning] TIMESTAMP with implicit DEFAULT value is deprecated. Please use --explicit_defaults_for_timestamp server option (see documentation for more details).
2019-11-07T01:50:33.814966Z 0 [Note] /usr/sbin/mysqld (mysqld 5.7.28) starting as process 432 ...
2019-11-07T01:50:33.865277Z 0 [Note] InnoDB: PUNCH HOLE support available
2019-11-07T01:50:33.865362Z 0 [Note] InnoDB: Mutexes and rw_locks use GCC atomic builtins
2019-11-07T01:50:33.865377Z 0 [Note] InnoDB: Uses event mutexes
2019-11-07T01:50:33.865388Z 0 [Note] InnoDB: GCC builtin __atomic_thread_fence() is used for memory barrier
2019-11-07T01:50:33.865399Z 0 [Note] InnoDB: Compressed tables use zlib 1.2.11
2019-11-07T01:50:33.865410Z 0 [Note] InnoDB: Using Linux native AIO
2019-11-07T01:50:33.869726Z 0 [Note] InnoDB: Number of pools: 1
2019-11-07T01:50:33.873295Z 0 [Note] InnoDB: Using CPU crc32 instructions
2019-11-07T01:50:33.888275Z 0 [Note] InnoDB: Initializing buffer pool, total size = 128M, instances = 1, chunk size = 128M
2019-11-07T01:50:33.889371Z 0 [ERROR] InnoDB: mmap(137428992 bytes) failed; errno 12
2019-11-07T01:50:33.889398Z 0 [ERROR] InnoDB: Cannot allocate memory for the buffer pool
2019-11-07T01:50:33.889405Z 0 [ERROR] InnoDB: Plugin initialization aborted with error Generic error
2019-11-07T01:50:33.889415Z 0 [ERROR] Plugin 'InnoDB' init function returned error.
2019-11-07T01:50:33.889422Z 0 [ERROR] Plugin 'InnoDB' registration as a STORAGE ENGINE failed.
2019-11-07T01:50:33.889428Z 0 [ERROR] Failed to initialize builtin plugins.
2019-11-07T01:50:33.889433Z 0 [ERROR] Aborting

2019-11-07T01:50:33.889448Z 0 [Note] Binlog end
2019-11-07T01:50:33.891860Z 0 [Note] Shutting down plugin 'CSV'
2019-11-07T01:50:33.893816Z 0 [Note] /usr/sbin/mysqld: Shutdown complete

